Performing C SOURCE FILE Test CMAKE_HAVE_LIBC_PTHREAD failed with the following output:
Change Dir: /home/rflower/Documents/dev/DEV/c/ascii/CMakeFiles/CMakeTmp

Run Build Command(s):/usr/bin/gmake cmTC_ca993/fast && /usr/bin/gmake  -f CMakeFiles/cmTC_ca993.dir/build.make CMakeFiles/cmTC_ca993.dir/build
gmake[1]: Entering directory '/home/rflower/Documents/dev/DEV/c/ascii/CMakeFiles/CMakeTmp'
Building C object CMakeFiles/cmTC_ca993.dir/src.c.o
/usr/bin/cc   -DCMAKE_HAVE_LIBC_PTHREAD -o CMakeFiles/cmTC_ca993.dir/src.c.o -c /home/rflower/Documents/dev/DEV/c/ascii/CMakeFiles/CMakeTmp/src.c
Linking C executable cmTC_ca993
/usr/bin/cmake -E cmake_link_script CMakeFiles/cmTC_ca993.dir/link.txt --verbose=1
/usr/bin/cc  -DCMAKE_HAVE_LIBC_PTHREAD -rdynamic CMakeFiles/cmTC_ca993.dir/src.c.o -o cmTC_ca993 
/usr/bin/ld: CMakeFiles/cmTC_ca993.dir/src.c.o: in function `main':
src.c:(.text+0x2f): undefined reference to `pthread_create'
/usr/bin/ld: src.c:(.text+0x3b): undefined reference to `pthread_detach'
/usr/bin/ld: src.c:(.text+0x47): undefined reference to `pthread_cancel'
/usr/bin/ld: src.c:(.text+0x58): undefined reference to `pthread_join'
collect2: error: ld returned 1 exit status
gmake[1]: *** [CMakeFiles/cmTC_ca993.dir/build.make:106: cmTC_ca993] Error 1
gmake[1]: Leaving directory '/home/rflower/Documents/dev/DEV/c/ascii/CMakeFiles/CMakeTmp'
gmake: *** [Makefile:140: cmTC_ca993/fast] Error 2


Source file was:
#include <pthread.h>

void* test_func(void* data)
{
  return data;
}

int main(void)
{
  pthread_t thread;
  pthread_create(&thread, NULL, test_func, NULL);
  pthread_detach(thread);
  pthread_cancel(thread);
  pthread_join(thread, NULL);
  pthread_atfork(NULL, NULL, NULL);
  pthread_exit(NULL);

  return 0;
}

Determining if the function pthread_create exists in the pthreads failed with the following output:
Change Dir: /home/rflower/Documents/dev/DEV/c/ascii/CMakeFiles/CMakeTmp

Run Build Command(s):/usr/bin/gmake cmTC_d76f4/fast && /usr/bin/gmake  -f CMakeFiles/cmTC_d76f4.dir/build.make CMakeFiles/cmTC_d76f4.dir/build
gmake[1]: Entering directory '/home/rflower/Documents/dev/DEV/c/ascii/CMakeFiles/CMakeTmp'
Building C object CMakeFiles/cmTC_d76f4.dir/CheckFunctionExists.c.o
/usr/bin/cc   -DCHECK_FUNCTION_EXISTS=pthread_create -o CMakeFiles/cmTC_d76f4.dir/CheckFunctionExists.c.o -c /usr/share/cmake-3.18/Modules/CheckFunctionExists.c
Linking C executable cmTC_d76f4
/usr/bin/cmake -E cmake_link_script CMakeFiles/cmTC_d76f4.dir/link.txt --verbose=1
/usr/bin/cc  -DCHECK_FUNCTION_EXISTS=pthread_create -rdynamic CMakeFiles/cmTC_d76f4.dir/CheckFunctionExists.c.o -o cmTC_d76f4  -lpthreads 
/usr/bin/ld: cannot find -lpthreads
collect2: error: ld returned 1 exit status
gmake[1]: *** [CMakeFiles/cmTC_d76f4.dir/build.make:106: cmTC_d76f4] Error 1
gmake[1]: Leaving directory '/home/rflower/Documents/dev/DEV/c/ascii/CMakeFiles/CMakeTmp'
gmake: *** [Makefile:140: cmTC_d76f4/fast] Error 2



Performing C SOURCE FILE Test CMAKE_HAVE_LIBC_PTHREAD failed with the following output:
Change Dir: /home/rflower/Documents/dev/DEV/c/ascii/CMakeFiles/CMakeTmp

Run Build Command(s):/usr/bin/gmake cmTC_ac685/fast && /usr/bin/gmake  -f CMakeFiles/cmTC_ac685.dir/build.make CMakeFiles/cmTC_ac685.dir/build
gmake[1]: Entering directory '/home/rflower/Documents/dev/DEV/c/ascii/CMakeFiles/CMakeTmp'
Building C object CMakeFiles/cmTC_ac685.dir/src.c.o
/usr/bin/cc   -DCMAKE_HAVE_LIBC_PTHREAD -o CMakeFiles/cmTC_ac685.dir/src.c.o -c /home/rflower/Documents/dev/DEV/c/ascii/CMakeFiles/CMakeTmp/src.c
Linking C executable cmTC_ac685
/usr/bin/cmake -E cmake_link_script CMakeFiles/cmTC_ac685.dir/link.txt --verbose=1
/usr/bin/cc  -DCMAKE_HAVE_LIBC_PTHREAD -rdynamic CMakeFiles/cmTC_ac685.dir/src.c.o -o cmTC_ac685 
/usr/bin/ld: CMakeFiles/cmTC_ac685.dir/src.c.o: in function `main':
src.c:(.text+0x2f): undefined reference to `pthread_create'
/usr/bin/ld: src.c:(.text+0x3b): undefined reference to `pthread_detach'
/usr/bin/ld: src.c:(.text+0x47): undefined reference to `pthread_cancel'
/usr/bin/ld: src.c:(.text+0x58): undefined reference to `pthread_join'
collect2: error: ld returned 1 exit status
gmake[1]: *** [CMakeFiles/cmTC_ac685.dir/build.make:106: cmTC_ac685] Error 1
gmake[1]: Leaving directory '/home/rflower/Documents/dev/DEV/c/ascii/CMakeFiles/CMakeTmp'
gmake: *** [Makefile:140: cmTC_ac685/fast] Error 2


Source file was:
#include <pthread.h>

void* test_func(void* data)
{
  return data;
}

int main(void)
{
  pthread_t thread;
  pthread_create(&thread, NULL, test_func, NULL);
  pthread_detach(thread);
  pthread_cancel(thread);
  pthread_join(thread, NULL);
  pthread_atfork(NULL, NULL, NULL);
  pthread_exit(NULL);

  return 0;
}

Determining if the function pthread_create exists in the pthreads failed with the following output:
Change Dir: /home/rflower/Documents/dev/DEV/c/ascii/CMakeFiles/CMakeTmp

Run Build Command(s):/usr/bin/gmake cmTC_5d35b/fast && /usr/bin/gmake  -f CMakeFiles/cmTC_5d35b.dir/build.make CMakeFiles/cmTC_5d35b.dir/build
gmake[1]: Entering directory '/home/rflower/Documents/dev/DEV/c/ascii/CMakeFiles/CMakeTmp'
Building C object CMakeFiles/cmTC_5d35b.dir/CheckFunctionExists.c.o
/usr/bin/cc   -DCHECK_FUNCTION_EXISTS=pthread_create -o CMakeFiles/cmTC_5d35b.dir/CheckFunctionExists.c.o -c /usr/share/cmake-3.18/Modules/CheckFunctionExists.c
Linking C executable cmTC_5d35b
/usr/bin/cmake -E cmake_link_script CMakeFiles/cmTC_5d35b.dir/link.txt --verbose=1
/usr/bin/cc  -DCHECK_FUNCTION_EXISTS=pthread_create -rdynamic CMakeFiles/cmTC_5d35b.dir/CheckFunctionExists.c.o -o cmTC_5d35b  -lpthreads 
/usr/bin/ld: cannot find -lpthreads
collect2: error: ld returned 1 exit status
gmake[1]: *** [CMakeFiles/cmTC_5d35b.dir/build.make:106: cmTC_5d35b] Error 1
gmake[1]: Leaving directory '/home/rflower/Documents/dev/DEV/c/ascii/CMakeFiles/CMakeTmp'
gmake: *** [Makefile:140: cmTC_5d35b/fast] Error 2



